[2020-09-10 14:27:05.571] [exthost] [info] extension host started
[2020-09-10 14:27:05.698] [exthost] [info] ExtensionService#_doActivateExtension vscode.github-authentication {"startup":false,"extensionId":{"value":"vscode.github-authentication","_lower":"vscode.github-authentication"},"activationEvent":"onAuthenticationRequest:github"}
[2020-09-10 14:27:05.699] [exthost] [info] ExtensionService#loadCommonJSModule file:///home/centos/.vscode-server/bin/a0479759d6e9ea56afa657e454193f72aef85bd0/extensions/github-authentication/dist/extension.js
[2020-09-10 14:27:05.719] [exthost] [info] ExtensionService#_doActivateExtension vscode.debug-auto-launch {"startup":true,"extensionId":{"value":"vscode.debug-auto-launch","_lower":"vscode.debug-auto-launch"},"activationEvent":"*"}
[2020-09-10 14:27:05.719] [exthost] [info] ExtensionService#loadCommonJSModule file:///home/centos/.vscode-server/bin/a0479759d6e9ea56afa657e454193f72aef85bd0/extensions/debug-auto-launch/dist/extension
[2020-09-10 14:27:05.723] [exthost] [info] ExtensionService#_doActivateExtension vscode.emmet {"startup":true,"extensionId":{"value":"vscode.emmet","_lower":"vscode.emmet"},"activationEvent":"*"}
[2020-09-10 14:27:05.723] [exthost] [info] ExtensionService#loadCommonJSModule file:///home/centos/.vscode-server/bin/a0479759d6e9ea56afa657e454193f72aef85bd0/extensions/emmet/dist/node/emmetNodeMain
[2020-09-10 14:27:05.747] [exthost] [info] ExtensionService#_doActivateExtension vscode.git {"startup":true,"extensionId":{"value":"vscode.github","_lower":"vscode.github"},"activationEvent":"*"}
[2020-09-10 14:27:05.748] [exthost] [info] ExtensionService#loadCommonJSModule file:///home/centos/.vscode-server/bin/a0479759d6e9ea56afa657e454193f72aef85bd0/extensions/git/dist/main
[2020-09-10 14:27:05.801] [exthost] [info] ExtensionService#_doActivateExtension vscode.merge-conflict {"startup":true,"extensionId":{"value":"vscode.merge-conflict","_lower":"vscode.merge-conflict"},"activationEvent":"*"}
[2020-09-10 14:27:05.801] [exthost] [info] ExtensionService#loadCommonJSModule file:///home/centos/.vscode-server/bin/a0479759d6e9ea56afa657e454193f72aef85bd0/extensions/merge-conflict/dist/mergeConflictMain
[2020-09-10 14:27:05.804] [exthost] [info] ExtensionService#_doActivateExtension vscode.search-result {"startup":true,"extensionId":{"value":"vscode.search-result","_lower":"vscode.search-result"},"activationEvent":"*"}
[2020-09-10 14:27:05.805] [exthost] [info] ExtensionService#loadCommonJSModule file:///home/centos/.vscode-server/bin/a0479759d6e9ea56afa657e454193f72aef85bd0/extensions/search-result/dist/extension.js
[2020-09-10 14:27:06.035] [exthost] [info] ExtensionService#_doActivateExtension vscode.github {"startup":true,"extensionId":{"value":"vscode.github","_lower":"vscode.github"},"activationEvent":"*"}
[2020-09-10 14:27:06.035] [exthost] [info] ExtensionService#loadCommonJSModule file:///home/centos/.vscode-server/bin/a0479759d6e9ea56afa657e454193f72aef85bd0/extensions/github/dist/extension.js
[2020-09-10 14:27:06.123] [exthost] [info] eager extensions activated
[2020-09-10 14:27:07.189] [exthost] [info] ExtensionService#_doActivateExtension vscode.configuration-editing {"startup":false,"extensionId":{"value":"vscode.configuration-editing","_lower":"vscode.configuration-editing"},"activationEvent":"onLanguage:jsonc"}
[2020-09-10 14:27:07.189] [exthost] [info] ExtensionService#loadCommonJSModule file:///home/centos/.vscode-server/bin/a0479759d6e9ea56afa657e454193f72aef85bd0/extensions/configuration-editing/dist/configurationEditingMain
[2020-09-10 14:27:07.194] [exthost] [info] ExtensionService#_doActivateExtension vscode.json-language-features {"startup":false,"extensionId":{"value":"vscode.json-language-features","_lower":"vscode.json-language-features"},"activationEvent":"onLanguage:jsonc"}
[2020-09-10 14:27:07.194] [exthost] [info] ExtensionService#loadCommonJSModule file:///home/centos/.vscode-server/bin/a0479759d6e9ea56afa657e454193f72aef85bd0/extensions/json-language-features/client/dist/node/jsonClientMain
[2020-09-10 14:27:07.236] [exthost] [info] ExtensionService#_doActivateExtension vscode.typescript-language-features {"startup":false,"extensionId":{"value":"vscode.typescript-language-features","_lower":"vscode.typescript-language-features"},"activationEvent":"onLanguage:jsonc"}
[2020-09-10 14:27:07.236] [exthost] [info] ExtensionService#loadCommonJSModule file:///home/centos/.vscode-server/bin/a0479759d6e9ea56afa657e454193f72aef85bd0/extensions/typescript-language-features/dist/extension
